<?xml version="1.0" encoding="UTF-8"?>
<!-- Generated by org.testng.reporters.JUnitReportReporter -->
<testsuite skipped="0" hostname="DESKTOP-PQILN7A" name="base.TestBase" tests="1" failures="0" timestamp="13 Nov 2018 11:22:58 GMT" time="0.008" errors="0">
  <testcase name="test" time="0.008" classname="base.TestBase"/>
</testsuite> <!-- base.TestBase -->
